This is pdfTeX, Version 3.141592653-2.6-1.40.27 (TeX Live 2025) (preloaded format=latex 2026.2.12)  12 FEB 2026 17:19
entering extended mode
 restricted \write18 enabled.
 %&-line parsing enabled.
**structure.tex
(./structure.tex
LaTeX2e <2024-11-01> patch level 2
L3 programming layer <2025-01-18>

! LaTeX Error: \usepackage before \documentclass.

See the LaTeX manual or LaTeX Companion for explanation.
Type  H <return>  for immediate help.
 ...                                              
                                                  
l.19 \usepackage{
                 titlesec} % Allows customization of titles
? 

! LaTeX Error: \usepackage before \documentclass.

See the LaTeX manual or LaTeX Companion for explanation.
Type  H <return>  for immediate help.
 ...                                              
                                                  
l.21 \usepackage{
                 graphicx} % Required for including pictures
? 
! Undefined control sequence.
l.22 \graphicspath
                  {{Pictures/}} % Specifies the directory where pictures are...

? 

! LaTeX Error: Missing \begin{document}.

See the LaTeX manual or LaTeX Companion for explanation.
Type  H <return>  for immediate help.
 ...                                              
                                                  
l.22 \graphicspath{{P
                     ictures/}} % Specifies the directory where pictures are...

? 
Missing character: There is no P in font nullfont!
Missing character: There is no i in font nullfont!
Missing character: There is no c in font nullfont!
Missing character: There is no t in font nullfont!
Missing character: There is no u in font nullfont!
Missing character: There is no r in font nullfont!
Missing character: There is no e in font nullfont!
Missing character: There is no s in font nullfont!
Missing character: There is no / in font nullfont!

Overfull \hbox (20.0pt too wide) in paragraph at lines 22--23
[] 
 []


! LaTeX Error: \usepackage before \documentclass.

See the LaTeX manual or LaTeX Companion for explanation.
Type  H <return>  for immediate help.
 ...                                              
                                                  
l.24 \usepackage{
                 lipsum} % Inserts dummy text
? 

! LaTeX Error: \usepackage before \documentclass.

See the LaTeX manual or LaTeX Companion for explanation.
Type  H <return>  for immediate help.
 ...                                              
                                                  
l.26 \usepackage{
                 tikz} % Required for drawing custom shapes
? 

! LaTeX Error: \usepackage before \documentclass.

See the LaTeX manual or LaTeX Companion for explanation.
Type  H <return>  for immediate help.
 ...                                              
                                                  
l.28 \usepackage[english]{
                          babel} % English language/hyphenation
? 

! LaTeX Error: \usepackage before \documentclass.

See the LaTeX manual or LaTeX Companion for explanation.
Type  H <return>  for immediate help.
 ...                                              
                                                  
l.30 \usepackage{
                 enumitem} % Customize lists
? 
! Undefined control sequence.
l.31 \setlist
             {nolistsep} % Reduce spacing between bullet points and numbered...

? 

! LaTeX Error: Missing \begin{document}.

See the LaTeX manual or LaTeX Companion for explanation.
Type  H <return>  for immediate help.
 ...                                              
                                                  
l.31 \setlist{n
               olistsep} % Reduce spacing between bullet points and numbered...

? 
Missing character: There is no n in font nullfont!
Missing character: There is no o in font nullfont!
Missing character: There is no l in font nullfont!
Missing character: There is no i in font nullfont!
Missing character: There is no s in font nullfont!
Missing character: There is no t in font nullfont!
Missing character: There is no s in font nullfont!
Missing character: There is no e in font nullfont!
Missing character: There is no p in font nullfont!

Overfull \hbox (20.0pt too wide) in paragraph at lines 31--32
[] 
 []


! LaTeX Error: \usepackage before \documentclass.

See the LaTeX manual or LaTeX Companion for explanation.
Type  H <return>  for immediate help.
 ...                                              
                                                  
l.33 \usepackage{
                 booktabs} % Required for nicer horizontal rules in tables
? 

! LaTeX Error: \usepackage before \documentclass.

See the LaTeX manual or LaTeX Companion for explanation.
Type  H <return>  for immediate help.
 ...                                              
                                                  
l.35 \usepackage{
                 eso-pic} % Required for specifying an image background in t...

? 

! LaTeX Error: \usepackage before \documentclass.

See the LaTeX manual or LaTeX Companion for explanation.
Type  H <return>  for immediate help.
 ...                                              
                                                  
l.41 \usepackage{
                 titletoc} % Required for manipulating the table of contents
? 
! Undefined control sequence.
l.43 \contentsmargin
                    {0cm} % Removes the default margin
? 

! LaTeX Error: Missing \begin{document}.

See the LaTeX manual or LaTeX Companion for explanation.
Type  H <return>  for immediate help.
 ...                                              
                                                  
l.43 \contentsmargin{0
                      cm} % Removes the default margin
? 
Missing character: There is no 0 in font nullfont!
Missing character: There is no c in font nullfont!
Missing character: There is no m in font nullfont!
! Undefined control sequence.
l.45 \titlecontents
                   {chapter}[1.25cm] % Indentation
? 
Missing character: There is no c in font nullfont!
Missing character: There is no h in font nullfont!
Missing character: There is no a in font nullfont!
Missing character: There is no p in font nullfont!
Missing character: There is no t in font nullfont!
Missing character: There is no e in font nullfont!
Missing character: There is no r in font nullfont!
Missing character: There is no [ in font nullfont!
Missing character: There is no 1 in font nullfont!
Missing character: There is no . in font nullfont!
Missing character: There is no 2 in font nullfont!
Missing character: There is no 5 in font nullfont!
Missing character: There is no c in font nullfont!
Missing character: There is no m in font nullfont!
Missing character: There is no ] in font nullfont!

Overfull \hbox (20.0pt too wide) in paragraph at lines 43--46
[]
 []

! Undefined control sequence.
l.46 {\addvspace{15pt}\large
                            \sffamily\bfseries} % Spacing and font options f...

? 
! Undefined control sequence.
l.47 {\color
            {ocre!60}\contentslabel[\Large\thecontentslabel]{1.25cm}\color{o...

? 

! LaTeX Error: Missing \begin{document}.

See the LaTeX manual or LaTeX Companion for explanation.
Type  H <return>  for immediate help.
 ...                                              
                                                  
l.47 {\color{o
              cre!60}\contentslabel[\Large\thecontentslabel]{1.25cm}\color{o...

? 
Missing character: There is no o in font nullfont!
Missing character: There is no c in font nullfont!
Missing character: There is no r in font nullfont!
Missing character: There is no e in font nullfont!
Missing character: There is no ! in font nullfont!
Missing character: There is no 6 in font nullfont!
Missing character: There is no 0 in font nullfont!
! Undefined control sequence.
l.47 {\color{ocre!60}\contentslabel
                                   [\Large\thecontentslabel]{1.25cm}\color{o...

? 
Missing character: There is no [ in font nullfont!
! Undefined control sequence.
l.47 {\color{ocre!60}\contentslabel[\Large
                                          \thecontentslabel]{1.25cm}\color{o...

? 
! Undefined control sequence.
l.47 ...!60}\contentslabel[\Large\thecontentslabel
                                                  ]{1.25cm}\color{ocre}} % C...

? 
Missing character: There is no ] in font nullfont!
Missing character: There is no 1 in font nullfont!
Missing character: There is no . in font nullfont!
Missing character: There is no 2 in font nullfont!
Missing character: There is no 5 in font nullfont!
Missing character: There is no c in font nullfont!
Missing character: There is no m in font nullfont!
! Undefined control sequence.
l.47 ...bel[\Large\thecontentslabel]{1.25cm}\color
                                                  {ocre}} % Chapter number
? 
Missing character: There is no o in font nullfont!
Missing character: There is no c in font nullfont!
Missing character: There is no r in font nullfont!
Missing character: There is no e in font nullfont!
! Undefined control sequence.
l.49 {\color
            {ocre!60}\normalsize\sffamily\bfseries\;\titlerule*[.5pc]{.}\;\t...

? 
Missing character: There is no o in font nullfont!
Missing character: There is no c in font nullfont!
Missing character: There is no r in font nullfont!
Missing character: There is no e in font nullfont!
Missing character: There is no ! in font nullfont!
Missing character: There is no 6 in font nullfont!
Missing character: There is no 0 in font nullfont!

! LaTeX Error: The font size command \normalsize is not defined:
               there is probably something wrong with the class file.

See the LaTeX manual or LaTeX Companion for explanation.
Type  H <return>  for immediate help.
 ...                                              
                                                  
l.49 {\color{ocre!60}\normalsize
                                \sffamily\bfseries\;\titlerule*[.5pc]{.}\;\t...

? 
! Undefined control sequence.
l.49 ...}\normalsize\sffamily\bfseries\;\titlerule
                                                  *[.5pc]{.}\;\thecontentspa...

? 
! Undefined control sequence.
l.49 ...es\;\titlerule*[.5pc]{.}\;\thecontentspage
                                                  } % Page number
? 
! Undefined control sequence.
l.51 \titlecontents
                   {section}[1.25cm] % Indentation
? 
Missing character: There is no s in font nullfont!
Missing character: There is no e in font nullfont!
Missing character: There is no c in font nullfont!
Missing character: There is no t in font nullfont!
Missing character: There is no i in font nullfont!
Missing character: There is no o in font nullfont!
Missing character: There is no n in font nullfont!
Missing character: There is no [ in font nullfont!
Missing character: There is no 1 in font nullfont!
Missing character: There is no . in font nullfont!
Missing character: There is no 2 in font nullfont!
Missing character: There is no 5 in font nullfont!
Missing character: There is no c in font nullfont!
Missing character: There is no m in font nullfont!
Missing character: There is no ] in font nullfont!

Overfull \hbox (20.0pt too wide) in paragraph at lines 47--52
[]
 []


Overfull \hbox (34.77795pt too wide) in paragraph at lines 47--52
\OT1/cmss/bx/n/10 *[.5pc].
 []

! Undefined control sequence.
l.53 {\contentslabel
                    [\thecontentslabel]{1.25cm}} % Section number
? 

! LaTeX Error: Missing \begin{document}.

See the LaTeX manual or LaTeX Companion for explanation.
Type  H <return>  for immediate help.
 ...                                              
                                                  
l.53 {\contentslabel[
                     \thecontentslabel]{1.25cm}} % Section number
? 
Missing character: There is no [ in font nullfont!
! Undefined control sequence.
l.53 {\contentslabel[\thecontentslabel
                                      ]{1.25cm}} % Section number
? 
Missing character: There is no ] in font nullfont!
Missing character: There is no 1 in font nullfont!
Missing character: There is no . in font nullfont!
Missing character: There is no 2 in font nullfont!
Missing character: There is no 5 in font nullfont!
Missing character: There is no c in font nullfont!
Missing character: There is no m in font nullfont!
! Undefined control sequence.
l.55 {\sffamily\hfill\color
                           {black}\thecontentspage} % Page number
? 
! Undefined control sequence.
l.55 {\sffamily\hfill\color{black}\thecontentspage
                                                  } % Page number
? 
Missing character: There is no [ in font nullfont!
Missing character: There is no ] in font nullfont!
! Undefined control sequence.
l.58 \titlecontents
                   {subsection}[1.25cm] % Indentation
? 
Missing character: There is no s in font nullfont!
Missing character: There is no u in font nullfont!
Missing character: There is no b in font nullfont!
Missing character: There is no s in font nullfont!
Missing character: There is no e in font nullfont!
Missing character: There is no c in font nullfont!
Missing character: There is no t in font nullfont!
Missing character: There is no i in font nullfont!
Missing character: There is no o in font nullfont!
Missing character: There is no n in font nullfont!
Missing character: There is no [ in font nullfont!
Missing character: There is no 1 in font nullfont!
Missing character: There is no . in font nullfont!
Missing character: There is no 2 in font nullfont!
Missing character: There is no 5 in font nullfont!
Missing character: There is no c in font nullfont!
Missing character: There is no m in font nullfont!
Missing character: There is no ] in font nullfont!

Overfull \hbox (20.0pt too wide) in paragraph at lines 53--59
[]
 []


Overfull \hbox (21.69449pt too wide) in paragraph at lines 53--59
\OT1/cmss/m/n/10 black
 []

! Undefined control sequence.
l.59 {\addvspace{1pt}\sffamily\small
                                    } % Spacing and font options for subsect...

? 
! Undefined control sequence.
l.60 {\contentslabel
                    [\thecontentslabel]{1.25cm}} % Subsection number
? 

! LaTeX Error: Missing \begin{document}.

See the LaTeX manual or LaTeX Companion for explanation.
Type  H <return>  for immediate help.
 ...                                              
                                                  
l.60 {\contentslabel[
                     \thecontentslabel]{1.25cm}} % Subsection number
? 
Missing character: There is no [ in font nullfont!
! Undefined control sequence.
l.60 {\contentslabel[\thecontentslabel
                                      ]{1.25cm}} % Subsection number
? 
Missing character: There is no ] in font nullfont!
Missing character: There is no 1 in font nullfont!
Missing character: There is no . in font nullfont!
Missing character: There is no 2 in font nullfont!
Missing character: There is no 5 in font nullfont!
Missing character: There is no c in font nullfont!
Missing character: There is no m in font nullfont!
! Undefined control sequence.
l.62 {\sffamily\;\titlerule
                           *[.5pc]{.}\;\thecontentspage} % Page number
? 
! Undefined control sequence.
l.62 ...ly\;\titlerule*[.5pc]{.}\;\thecontentspage
                                                  } % Page number
? 
Missing character: There is no [ in font nullfont!
Missing character: There is no ] in font nullfont!

Overfull \hbox (20.0pt too wide) in paragraph at lines 60--64
[]
 []


Overfull \hbox (31.22227pt too wide) in paragraph at lines 60--64
\OT1/cmss/m/n/10 *[.5pc].
 []

! Undefined control sequence.
l.70 \titlecontents
                   {lsection}[0em] % Indendating
? 

! LaTeX Error: Missing \begin{document}.

See the LaTeX manual or LaTeX Companion for explanation.
Type  H <return>  for immediate help.
 ...                                              
                                                  
l.70 \titlecontents{l
                     section}[0em] % Indendating
? 
Missing character: There is no l in font nullfont!
Missing character: There is no s in font nullfont!
Missing character: There is no e in font nullfont!
Missing character: There is no c in font nullfont!
Missing character: There is no t in font nullfont!
Missing character: There is no i in font nullfont!
Missing character: There is no o in font nullfont!
Missing character: There is no n in font nullfont!
Missing character: There is no [ in font nullfont!
Missing character: There is no 0 in font nullfont!
Missing character: There is no e in font nullfont!
Missing character: There is no m in font nullfont!
Missing character: There is no ] in font nullfont!
! Undefined control sequence.
l.71 {\footnotesize
                   \sffamily} % Font settings
? 

Overfull \hbox (20.0pt too wide) in paragraph at lines 70--75
[]
 []

! Undefined control sequence.
l.77 \titlecontents
                   {lsubsection}[.5em] % Indentation
? 

! LaTeX Error: Missing \begin{document}.

See the LaTeX manual or LaTeX Companion for explanation.
Type  H <return>  for immediate help.
 ...                                              
                                                  
l.77 \titlecontents{l
                     subsection}[.5em] % Indentation
? 
Missing character: There is no l in font nullfont!
Missing character: There is no s in font nullfont!
Missing character: There is no u in font nullfont!
Missing character: There is no b in font nullfont!
Missing character: There is no s in font nullfont!
Missing character: There is no e in font nullfont!
Missing character: There is no c in font nullfont!
Missing character: There is no t in font nullfont!
Missing character: There is no i in font nullfont!
Missing character: There is no o in font nullfont!
Missing character: There is no n in font nullfont!
Missing character: There is no [ in font nullfont!
Missing character: There is no . in font nullfont!
Missing character: There is no 5 in font nullfont!
Missing character: There is no e in font nullfont!
Missing character: There is no m in font nullfont!
Missing character: There is no ] in font nullfont!
! Undefined control sequence.
l.78 {\normalfont\footnotesize
                              \sffamily} % Font settings
? 

Overfull \hbox (20.0pt too wide) in paragraph at lines 77--82
[]
 []


! LaTeX Error: \usepackage before \documentclass.

See the LaTeX manual or LaTeX Companion for explanation.
Type  H <return>  for immediate help.
 ...                                              
                                                  
l.87 \usepackage{
                 fancyhdr} % Required for header and footer configuration
? 
! Undefined control sequence.
<argument> \undefinedpagestyle 
                               
l.89 \pagestyle{fancy}
                      
? 

! LaTeX Error: Command \chaptermark undefined.

See the LaTeX manual or LaTeX Companion for explanation.
Type  H <return>  for immediate help.
 ...                                              
                                                  
l.90 \renewcommand{\chaptermark}
                                [1]{\markboth{\sffamily\normalsize\bfseries\...

? 
! Undefined control sequence.
l.92 \fancyhf
             {} \fancyhead[LE,RO]{\sffamily\normalsize\thepage} % Font setti...

? 
! Undefined control sequence.
l.92 \fancyhf{} \fancyhead
                          [LE,RO]{\sffamily\normalsize\thepage} % Font setti...

? 

! LaTeX Error: Missing \begin{document}.

See the LaTeX manual or LaTeX Companion for explanation.
Type  H <return>  for immediate help.
 ...                                              
                                                  
l.92 \fancyhf{} \fancyhead[
                           LE,RO]{\sffamily\normalsize\thepage} % Font setti...

? 
Missing character: There is no [ in font nullfont!
Missing character: There is no L in font nullfont!
Missing character: There is no E in font nullfont!
Missing character: There is no , in font nullfont!
Missing character: There is no R in font nullfont!
Missing character: There is no O in font nullfont!
Missing character: There is no ] in font nullfont!

! LaTeX Error: The font size command \normalsize is not defined:
               there is probably something wrong with the class file.

See the LaTeX manual or LaTeX Companion for explanation.
Type  H <return>  for immediate help.
 ...                                              
                                                  
l.92 ...f{} \fancyhead[LE,RO]{\sffamily\normalsize
                                                  \thepage} % Font setting f...

? 
! Undefined control sequence.
l.92 ...cyhead[LE,RO]{\sffamily\normalsize\thepage
                                                  } % Font setting for the p...

? 
! Undefined control sequence.
l.93 \fancyhead
               [LO]{\rightmark} % Print the nearest section name on the left...

? 
Missing character: There is no [ in font nullfont!
Missing character: There is no L in font nullfont!
Missing character: There is no O in font nullfont!
Missing character: There is no ] in font nullfont!
! Undefined control sequence.
l.94 \fancyhead
               [RE]{\leftmark} % Print the current chapter name on the right...

? 
Missing character: There is no [ in font nullfont!
Missing character: There is no R in font nullfont!
Missing character: There is no E in font nullfont!
Missing character: There is no ] in font nullfont!

! LaTeX Error: Command \headrulewidth undefined.

See the LaTeX manual or LaTeX Companion for explanation.
Type  H <return>  for immediate help.
 ...                                              
                                                  
l.95 \renewcommand{\headrulewidth}
                                  {0.5pt} % Width of the rule under the header
? 

! LaTeX Error: Command \footrulewidth undefined.

See the LaTeX manual or LaTeX Companion for explanation.
Type  H <return>  for immediate help.
 ...                                              
                                                  
l.97 \renewcommand{\footrulewidth}
                                  {0pt} % Removes the rule in the footer
? 
! Undefined control sequence.
l.98 \fancypagestyle
                    {plain}{\fancyhead{}\renewcommand{\headrulewidth}{0pt}} ...

? 
Missing character: There is no p in font nullfont!
Missing character: There is no l in font nullfont!
Missing character: There is no a in font nullfont!
Missing character: There is no i in font nullfont!
Missing character: There is no n in font nullfont!
! Undefined control sequence.
l.98 \fancypagestyle{plain}{\fancyhead
                                      {}\renewcommand{\headrulewidth}{0pt}} ...

? 

Overfull \hbox (20.0pt too wide) in paragraph at lines 92--99
[]
 []


! LaTeX Error: \usepackage before \documentclass.

See the LaTeX manual or LaTeX Companion for explanation.
Type  H <return>  for immediate help.
 ...                                              
                                                  
l.114 \usepackage{
                  amsmath,amsfonts,amssymb,amsthm} % For math equations, the...

? 
\c@notation=\count196

! LaTeX Error: No counter 'chapter' defined.

See the LaTeX manual or LaTeX Companion for explanation.
Type  H <return>  for immediate help.
 ...                                              
                                                  
l.119 \newtheorem{notation}{Notation}[chapter]
                                              
? 
! Undefined control sequence.
l.124 \newtheoremstyle
                      {ocrenumbox}% % Theorem style name
? 

! LaTeX Error: Missing \begin{document}.

See the LaTeX manual or LaTeX Companion for explanation.
Type  H <return>  for immediate help.
 ...                                              
                                                  
l.124 \newtheoremstyle{o
                        crenumbox}% % Theorem style name
? 
Missing character: There is no o in font nullfont!
Missing character: There is no c in font nullfont!
Missing character: There is no r in font nullfont!
Missing character: There is no e in font nullfont!
Missing character: There is no n in font nullfont!
Missing character: There is no u in font nullfont!
Missing character: There is no m in font nullfont!
Missing character: There is no b in font nullfont!
Missing character: There is no o in font nullfont!
Missing character: There is no x in font nullfont!
Missing character: There is no 0 in font nullfont!
Missing character: There is no p in font nullfont!
Missing character: There is no t in font nullfont!
Missing character: There is no 0 in font nullfont!
Missing character: There is no p in font nullfont!
Missing character: There is no t in font nullfont!
! Undefined control sequence.
l.129 {\small
             \bf\sffamily\color{ocre}}% % Theorem head font
? 
! Undefined control sequence.
l.129 {\small\bf
                \sffamily\color{ocre}}% % Theorem head font
? 
! Undefined control sequence.
l.129 {\small\bf\sffamily\color
                               {ocre}}% % Theorem head font
? 
Missing character: There is no 0 in font nullfont!
Missing character: There is no . in font nullfont!
Missing character: There is no 2 in font nullfont!
Missing character: There is no 5 in font nullfont!
Missing character: There is no e in font nullfont!
Missing character: There is no m in font nullfont!
! Undefined control sequence.
l.132 {\small
             \sffamily\color{ocre}\thmname{#1}\nobreakspace\thmnumber{\@ifno...

? 
! Undefined control sequence.
l.132 {\small\sffamily\color
                            {ocre}\thmname{#1}\nobreakspace\thmnumber{\@ifno...

? 
! Undefined control sequence.
l.132 {\small\sffamily\color{ocre}\thmname
                                          {#1}\nobreakspace\thmnumber{\@ifno...

? 
! You can't use `macro parameter character #' in horizontal mode.
l.132 {\small\sffamily\color{ocre}\thmname{#
                                            1}\nobreakspace\thmnumber{\@ifno...

? 
! Undefined control sequence.
l.132 ...{ocre}\thmname{#1}\nobreakspace\thmnumber
                                                  {\@ifnotempty{#1}{}\@upn{#...

? 
! Undefined control sequence.
l.132 ...e{#1}\nobreakspace\thmnumber{\@ifnotempty
                                                  {#1}{}\@upn{#2}}% Theorem ...

? 
! You can't use `macro parameter character #' in horizontal mode.
l.132 ...#1}\nobreakspace\thmnumber{\@ifnotempty{#
                                                  1}{}\@upn{#2}}% Theorem te...

? 
! Undefined control sequence.
l.132 ...akspace\thmnumber{\@ifnotempty{#1}{}\@upn
                                                  {#2}}% Theorem text (e.g. ...

? 
! You can't use `macro parameter character #' in horizontal mode.
l.132 ...space\thmnumber{\@ifnotempty{#1}{}\@upn{#
                                                  2}}% Theorem text (e.g. Th...

? 
! Undefined control sequence.
l.133 \thmnote
              {\nobreakspace\the\thm@notefont\sffamily\bfseries\color{black}...

? 
! Undefined control sequence.
l.133 \thmnote{\nobreakspace\the\thm@notefont
                                             \sffamily\bfseries\color{black}...

? 
! You can't use `\relax' after \the.
\sffamily ->\protect 
                     \sffamily  
l.133 ...e{\nobreakspace\the\thm@notefont\sffamily
                                                  \bfseries\color{black}---\...

? 
! Undefined control sequence.
l.133 ...\the\thm@notefont\sffamily\bfseries\color
                                                  {black}---\nobreakspace#3....

? 
! You can't use `macro parameter character #' in horizontal mode.
l.133 ...ly\bfseries\color{black}---\nobreakspace#
                                                  3.}} % Optional theorem note
? 

! LaTeX Error: Command \qedsymbol undefined.

See the LaTeX manual or LaTeX Companion for explanation.
Type  H <return>  for immediate help.
 ...                                              
                                                  
l.134 \renewcommand{\qedsymbol}
                               {$\blacksquare$}% Optional qed square
? 

Overfull \hbox (114.2225pt too wide) in paragraph at lines 124--135
[]\OT1/cmss/m/n/10 ocreocre1 12 0\OT1/cmss/bx/n/10 black---
 []


Overfull \hbox (8.5556pt too wide) in paragraph at lines 124--135
\OT1/cmss/bx/n/10 3. 
 []

! Undefined control sequence.
l.136 \newtheoremstyle
                      {blacknumex}% Theorem style name
? 

! LaTeX Error: Missing \begin{document}.

See the LaTeX manual or LaTeX Companion for explanation.
Type  H <return>  for immediate help.
 ...                                              
                                                  
l.136 \newtheoremstyle{b
                        lacknumex}% Theorem style name
? 
Missing character: There is no b in font nullfont!
Missing character: There is no l in font nullfont!
Missing character: There is no a in font nullfont!
Missing character: There is no c in font nullfont!
Missing character: There is no k in font nullfont!
Missing character: There is no n in font nullfont!
Missing character: There is no u in font nullfont!
Missing character: There is no m in font nullfont!
Missing character: There is no e in font nullfont!
Missing character: There is no x in font nullfont!
Missing character: There is no 5 in font nullfont!
Missing character: There is no p in font nullfont!
Missing character: There is no t in font nullfont!
Missing character: There is no 5 in font nullfont!
Missing character: There is no p in font nullfont!
Missing character: There is no t in font nullfont!
! Undefined control sequence.
l.141 {\small
             \bf\sffamily}% Theorem head font
? 
! Undefined control sequence.
l.141 {\small\bf
                \sffamily}% Theorem head font
? 
Missing character: There is no 0 in font nullfont!
Missing character: There is no . in font nullfont!
Missing character: There is no 2 in font nullfont!
Missing character: There is no 5 in font nullfont!
Missing character: There is no e in font nullfont!
Missing character: There is no m in font nullfont!
! Undefined control sequence.
l.144 {\small
             \sffamily{\tiny\ensuremath{\blacksquare}}\nobreakspace\thmname{...

? 
! Undefined control sequence.
l.144 {\small\sffamily{\tiny
                            \ensuremath{\blacksquare}}\nobreakspace\thmname{...

? 
LaTeX Font Info:    External font `cmex10' loaded for size
(Font)              <7> on input line 144.
LaTeX Font Info:    External font `cmex10' loaded for size
(Font)              <5> on input line 144.
! Undefined control sequence.
<argument> \blacksquare 
                        
l.144 ...l\sffamily{\tiny\ensuremath{\blacksquare}
                                                  }\nobreakspace\thmname{#1}...

? 
! Undefined control sequence.
l.144 ...emath{\blacksquare}}\nobreakspace\thmname
                                                  {#1}\nobreakspace\thmnumbe...

? 
! You can't use `macro parameter character #' in horizontal mode.
l.144 ...ath{\blacksquare}}\nobreakspace\thmname{#
                                                  1}\nobreakspace\thmnumber{...

? 
! Undefined control sequence.
l.144 ...kspace\thmname{#1}\nobreakspace\thmnumber
                                                  {\@ifnotempty{#1}{}\@upn{#...

? 
! Undefined control sequence.
l.144 ...e{#1}\nobreakspace\thmnumber{\@ifnotempty
                                                  {#1}{}\@upn{#2}}% Theorem ...

? 
! You can't use `macro parameter character #' in horizontal mode.
l.144 ...#1}\nobreakspace\thmnumber{\@ifnotempty{#
                                                  1}{}\@upn{#2}}% Theorem te...

? 
! Undefined control sequence.
l.144 ...akspace\thmnumber{\@ifnotempty{#1}{}\@upn
                                                  {#2}}% Theorem text (e.g. ...

? 
! You can't use `macro parameter character #' in horizontal mode.
l.144 ...space\thmnumber{\@ifnotempty{#1}{}\@upn{#
                                                  2}}% Theorem text (e.g. Th...

? 
! Undefined control sequence.
l.145 \thmnote
              {\nobreakspace\the\thm@notefont\sffamily\bfseries---\nobreaksp...

? 
! Undefined control sequence.
l.145 \thmnote{\nobreakspace\the\thm@notefont
                                             \sffamily\bfseries---\nobreaksp...

? 
! You can't use `\relax' after \the.
\sffamily ->\protect 
                     \sffamily  
l.145 ...e{\nobreakspace\the\thm@notefont\sffamily
                                                  \bfseries---\nobreakspace#...

? 
! You can't use `macro parameter character #' in horizontal mode.
l.145 ...tefont\sffamily\bfseries---\nobreakspace#
                                                  3.}}% Optional theorem note
? 

Overfull \hbox (20.0pt too wide) in paragraph at lines 136--146
[]
 []


Overfull \hbox (35.44455pt too wide) in paragraph at lines 136--146
\OT1/cmss/m/n/10 1 12 0\OT1/cmss/bx/n/10 ---
 []


Overfull \hbox (8.5556pt too wide) in paragraph at lines 136--146
\OT1/cmss/bx/n/10 3. 
 []

! Undefined control sequence.
l.147 \newtheoremstyle
                      {blacknumbox} % Theorem style name
? 

! LaTeX Error: Missing \begin{document}.

See the LaTeX manual or LaTeX Companion for explanation.
Type  H <return>  for immediate help.
 ...                                              
                                                  
l.147 \newtheoremstyle{b
                        lacknumbox} % Theorem style name
? 
Missing character: There is no b in font nullfont!
Missing character: There is no l in font nullfont!
Missing character: There is no a in font nullfont!
Missing character: There is no c in font nullfont!
Missing character: There is no k in font nullfont!
Missing character: There is no n in font nullfont!
Missing character: There is no u in font nullfont!
Missing character: There is no m in font nullfont!
Missing character: There is no b in font nullfont!
Missing character: There is no o in font nullfont!
Missing character: There is no x in font nullfont!
Missing character: There is no 0 in font nullfont!
Missing character: There is no p in font nullfont!
Missing character: There is no t in font nullfont!
Missing character: There is no 0 in font nullfont!
Missing character: There is no p in font nullfont!
Missing character: There is no t in font nullfont!
! Undefined control sequence.
l.152 {\small
             \bf\sffamily}% Theorem head font
? 
! Undefined control sequence.
l.152 {\small\bf
                \sffamily}% Theorem head font
? 
Missing character: There is no 0 in font nullfont!
Missing character: There is no . in font nullfont!
Missing character: There is no 2 in font nullfont!
Missing character: There is no 5 in font nullfont!
Missing character: There is no e in font nullfont!
Missing character: There is no m in font nullfont!
! Undefined control sequence.
l.155 {\small
             \sffamily\thmname{#1}\nobreakspace\thmnumber{\@ifnotempty{#1}{}...

? 
! Undefined control sequence.
l.155 {\small\sffamily\thmname
                              {#1}\nobreakspace\thmnumber{\@ifnotempty{#1}{}...

? 
! You can't use `macro parameter character #' in horizontal mode.
l.155 {\small\sffamily\thmname{#
                                1}\nobreakspace\thmnumber{\@ifnotempty{#1}{}...

? 
! Undefined control sequence.
l.155 ...family\thmname{#1}\nobreakspace\thmnumber
                                                  {\@ifnotempty{#1}{}\@upn{#...

? 
! Undefined control sequence.
l.155 ...e{#1}\nobreakspace\thmnumber{\@ifnotempty
                                                  {#1}{}\@upn{#2}}% Theorem ...

? 
! You can't use `macro parameter character #' in horizontal mode.
l.155 ...#1}\nobreakspace\thmnumber{\@ifnotempty{#
                                                  1}{}\@upn{#2}}% Theorem te...

? 
! Undefined control sequence.
l.155 ...akspace\thmnumber{\@ifnotempty{#1}{}\@upn
                                                  {#2}}% Theorem text (e.g. ...

? 
! You can't use `macro parameter character #' in horizontal mode.
l.155 ...space\thmnumber{\@ifnotempty{#1}{}\@upn{#
                                                  2}}% Theorem text (e.g. Th...

? 
! Undefined control sequence.
l.156 \thmnote
              {\nobreakspace\the\thm@notefont\sffamily\bfseries---\nobreaksp...

? 
! Undefined control sequence.
l.156 \thmnote{\nobreakspace\the\thm@notefont
                                             \sffamily\bfseries---\nobreaksp...

? 
! You can't use `\relax' after \the.
\sffamily ->\protect 
                     \sffamily  
l.156 ...e{\nobreakspace\the\thm@notefont\sffamily
                                                  \bfseries---\nobreakspace#...

? 
! You can't use `macro parameter character #' in horizontal mode.
l.156 ...tefont\sffamily\bfseries---\nobreakspace#
                                                  3.}}% Optional theorem note
? 

Overfull \hbox (20.0pt too wide) in paragraph at lines 147--157
[]
 []


Overfull \hbox (35.44455pt too wide) in paragraph at lines 147--157
\OT1/cmss/m/n/10 1 12 0\OT1/cmss/bx/n/10 ---
 []


Overfull \hbox (8.5556pt too wide) in paragraph at lines 147--157
\OT1/cmss/bx/n/10 3. 
 []

! Undefined control sequence.
l.161 \newtheoremstyle
                      {ocrenum}% % Theorem style name
? 

! LaTeX Error: Missing \begin{document}.

See the LaTeX manual or LaTeX Companion for explanation.
Type  H <return>  for immediate help.
 ...                                              
                                                  
l.161 \newtheoremstyle{o
                        crenum}% % Theorem style name
? 
Missing character: There is no o in font nullfont!
Missing character: There is no c in font nullfont!
Missing character: There is no r in font nullfont!
Missing character: There is no e in font nullfont!
Missing character: There is no n in font nullfont!
Missing character: There is no u in font nullfont!
Missing character: There is no m in font nullfont!
Missing character: There is no 5 in font nullfont!
Missing character: There is no p in font nullfont!
Missing character: There is no t in font nullfont!
Missing character: There is no 5 in font nullfont!
Missing character: There is no p in font nullfont!
Missing character: There is no t in font nullfont!
! Undefined control sequence.
l.166 {\small
             \bf\sffamily\color{ocre}}% % Theorem head font
? 
! Undefined control sequence.
l.166 {\small\bf
                \sffamily\color{ocre}}% % Theorem head font
? 
! Undefined control sequence.
l.166 {\small\bf\sffamily\color
                               {ocre}}% % Theorem head font
? 
Missing character: There is no 0 in font nullfont!
Missing character: There is no . in font nullfont!
Missing character: There is no 2 in font nullfont!
Missing character: There is no 5 in font nullfont!
Missing character: There is no e in font nullfont!
Missing character: There is no m in font nullfont!
! Undefined control sequence.
l.169 {\small
             \sffamily\color{ocre}\thmname{#1}\nobreakspace\thmnumber{\@ifno...

? 
! Undefined control sequence.
l.169 {\small\sffamily\color
                            {ocre}\thmname{#1}\nobreakspace\thmnumber{\@ifno...

? 
! Undefined control sequence.
l.169 {\small\sffamily\color{ocre}\thmname
                                          {#1}\nobreakspace\thmnumber{\@ifno...

? 
! You can't use `macro parameter character #' in horizontal mode.
l.169 {\small\sffamily\color{ocre}\thmname{#
                                            1}\nobreakspace\thmnumber{\@ifno...

? 
! Undefined control sequence.
l.169 ...{ocre}\thmname{#1}\nobreakspace\thmnumber
                                                  {\@ifnotempty{#1}{}\@upn{#...

? 
! Undefined control sequence.
l.169 ...e{#1}\nobreakspace\thmnumber{\@ifnotempty
                                                  {#1}{}\@upn{#2}}% Theorem ...

? 
! You can't use `macro parameter character #' in horizontal mode.
l.169 ...#1}\nobreakspace\thmnumber{\@ifnotempty{#
                                                  1}{}\@upn{#2}}% Theorem te...

? 
! Undefined control sequence.
l.169 ...akspace\thmnumber{\@ifnotempty{#1}{}\@upn
                                                  {#2}}% Theorem text (e.g. ...

? 
! You can't use `macro parameter character #' in horizontal mode.
l.169 ...space\thmnumber{\@ifnotempty{#1}{}\@upn{#
                                                  2}}% Theorem text (e.g. Th...

? 
! Undefined control sequence.
l.170 \thmnote
              {\nobreakspace\the\thm@notefont\sffamily\bfseries\color{black}...

? 
! Undefined control sequence.
l.170 \thmnote{\nobreakspace\the\thm@notefont
                                             \sffamily\bfseries\color{black}...

? 
! You can't use `\relax' after \the.
\sffamily ->\protect 
                     \sffamily  
l.170 ...e{\nobreakspace\the\thm@notefont\sffamily
                                                  \bfseries\color{black}---\...

? 
! Undefined control sequence.
l.170 ...\the\thm@notefont\sffamily\bfseries\color
                                                  {black}---\nobreakspace#3....

? 
! You can't use `macro parameter character #' in horizontal mode.
l.170 ...ly\bfseries\color{black}---\nobreakspace#
                                                  3.}} % Optional theorem note
? 

Overfull \hbox (114.2225pt too wide) in paragraph at lines 161--173
[]\OT1/cmss/m/n/10 ocreocre1 12 0\OT1/cmss/bx/n/10 black---
 []


Overfull \hbox (8.5556pt too wide) in paragraph at lines 161--173
\OT1/cmss/bx/n/10 3. 
 []

\c@dummy=\count197
! Undefined control sequence.
<recently read> \numberwithin 
                              
l.176 \numberwithin
                   {dummy}{section}
? 

! LaTeX Error: Missing \begin{document}.

See the LaTeX manual or LaTeX Companion for explanation.
Type  H <return>  for immediate help.
 ...                                              
                                                  
l.176 \numberwithin{d
                     ummy}{section}
? 
Missing character: There is no d in font nullfont!
Missing character: There is no u in font nullfont!
Missing character: There is no m in font nullfont!
Missing character: There is no m in font nullfont!
Missing character: There is no y in font nullfont!
Missing character: There is no s in font nullfont!
Missing character: There is no e in font nullfont!
Missing character: There is no c in font nullfont!
Missing character: There is no t in font nullfont!
Missing character: There is no i in font nullfont!
Missing character: There is no o in font nullfont!
Missing character: There is no n in font nullfont!
! Undefined control sequence.
l.177 \theoremstyle
                   {ocrenumbox}
? 
Missing character: There is no o in font nullfont!
Missing character: There is no c in font nullfont!
Missing character: There is no r in font nullfont!
Missing character: There is no e in font nullfont!
Missing character: There is no n in font nullfont!
Missing character: There is no u in font nullfont!
Missing character: There is no m in font nullfont!
Missing character: There is no b in font nullfont!
Missing character: There is no o in font nullfont!
Missing character: There is no x in font nullfont!
\c@problem=\count198

! LaTeX Error: No counter 'chapter' defined.

See the LaTeX manual or LaTeX Companion for explanation.
Type  H <return>  for immediate help.
 ...                                              
                                                  
l.179 \newtheorem{problem}{Problem}[chapter]
                                            
? 
\c@exerciseT=\count199

! LaTeX Error: No counter 'chapter' defined.

See the LaTeX manual or LaTeX Companion for explanation.
Type  H <return>  for immediate help.
 ...                                              
                                                  
l.180 \newtheorem{exerciseT}{Exercise}[chapter]
                                               
? 
! Undefined control sequence.
l.181 \theoremstyle
                   {blacknumex}
? 
Missing character: There is no b in font nullfont!
Missing character: There is no l in font nullfont!
Missing character: There is no a in font nullfont!
Missing character: There is no c in font nullfont!
Missing character: There is no k in font nullfont!
Missing character: There is no n in font nullfont!
Missing character: There is no u in font nullfont!
Missing character: There is no m in font nullfont!
Missing character: There is no e in font nullfont!
Missing character: There is no x in font nullfont!
\c@exampleT=\count266

! LaTeX Error: No counter 'chapter' defined.

See the LaTeX manual or LaTeX Companion for explanation.
Type  H <return>  for immediate help.
 ...                                              
                                                  
l.182 \newtheorem{exampleT}{Example}[chapter]
                                             
? 
! Undefined control sequence.
l.183 \theoremstyle
                   {blacknumbox}
? 
Missing character: There is no b in font nullfont!
Missing character: There is no l in font nullfont!
Missing character: There is no a in font nullfont!
Missing character: There is no c in font nullfont!
Missing character: There is no k in font nullfont!
Missing character: There is no n in font nullfont!
Missing character: There is no u in font nullfont!
Missing character: There is no m in font nullfont!
Missing character: There is no b in font nullfont!
Missing character: There is no o in font nullfont!
Missing character: There is no x in font nullfont!
\c@vocabulary=\count267

! LaTeX Error: No counter 'chapter' defined.

See the LaTeX manual or LaTeX Companion for explanation.
Type  H <return>  for immediate help.
 ...                                              
                                                  
l.184 \newtheorem{vocabulary}{Vocabulary}[chapter]
                                                  
? 
\c@definitionT=\count268

! LaTeX Error: No counter 'section' defined.

See the LaTeX manual or LaTeX Companion for explanation.
Type  H <return>  for immediate help.
 ...                                              
                                                  
l.185 ...theorem{definitionT}{Definition}[section]
                                                  
? 
! Undefined control sequence.
l.187 \theoremstyle
                   {ocrenum}
? 
Missing character: There is no o in font nullfont!
Missing character: There is no c in font nullfont!
Missing character: There is no r in font nullfont!
Missing character: There is no e in font nullfont!
Missing character: There is no n in font nullfont!
Missing character: There is no u in font nullfont!
Missing character: There is no m in font nullfont!

Overfull \hbox (20.0pt too wide) in paragraph at lines 176--189
[]
 []

(/usr/local/texlive/2025/texmf-dist/tex/latex/mdframed/mdframed.sty
Package: mdframed 2013/07/01 1.9b: mdframed

(/usr/local/texlive/2025/texmf-dist/tex/latex/kvoptions/kvoptions.sty
Package: kvoptions 2022-06-15 v3.15 Key value format for package options (HO)

(/usr/local/texlive/2025/texmf-dist/tex/latex/graphics/keyval.sty
Package: keyval 2022/05/29 v1.15 key=value parser (DPC)
\KV@toks@=\toks17
)
(/usr/local/texlive/2025/texmf-dist/tex/generic/ltxcmds/ltxcmds.sty
Package: ltxcmds 2023-12-04 v1.26 LaTeX kernel commands for general use (HO)
)
(/usr/local/texlive/2025/texmf-dist/tex/latex/kvsetkeys/kvsetkeys.sty
Package: kvsetkeys 2022-10-05 v1.19 Key value parser (HO)
))
(/usr/local/texlive/2025/texmf-dist/tex/latex/l3packages/xparse/xparse.sty
(/usr/local/texlive/2025/texmf-dist/tex/latex/l3kernel/expl3.sty
Package: expl3 2025-01-18 L3 programming layer (loader) 

(/usr/local/texlive/2025/texmf-dist/tex/latex/l3backend/l3backend-dvips.def
File: l3backend-dvips.def 2024-05-08 L3 backend support: dvips
\l__pdf_internal_box=\box52
\l__pdf_backend_content_box=\box53
\l__pdf_backend_model_box=\box54
\g__pdf_backend_annotation_int=\count269
\g__pdf_backend_link_int=\count270
\g__pdf_backend_link_sf_int=\count271
))
Package: xparse 2024-08-16 L3 Experimental document command parser
)
(/usr/local/texlive/2025/texmf-dist/tex/latex/etoolbox/etoolbox.sty
Package: etoolbox 2025/02/11 v2.5l e-TeX tools for LaTeX (JAW)
\etb@tempcnta=\count272
)
(/usr/local/texlive/2025/texmf-dist/tex/latex/zref/zref-abspage.sty
Package: zref-abspage 2023-09-14 v2.35 Module abspage for zref (HO)

(/usr/local/texlive/2025/texmf-dist/tex/latex/zref/zref-base.sty
Package: zref-base 2023-09-14 v2.35 Module base for zref (HO)

(/usr/local/texlive/2025/texmf-dist/tex/generic/infwarerr/infwarerr.sty
Package: infwarerr 2019/12/03 v1.5 Providing info/warning/error messages (HO)
)
(/usr/local/texlive/2025/texmf-dist/tex/generic/kvdefinekeys/kvdefinekeys.sty
Package: kvdefinekeys 2019-12-19 v1.6 Define keys (HO)
)
(/usr/local/texlive/2025/texmf-dist/tex/generic/pdftexcmds/pdftexcmds.sty
Package: pdftexcmds 2020-06-27 v0.33 Utility functions of pdfTeX for LuaTeX (HO
)

(/usr/local/texlive/2025/texmf-dist/tex/generic/iftex/iftex.sty
Package: iftex 2024/12/12 v1.0g TeX engine tests
)
Package pdftexcmds Info: \pdf@primitive is available.
Package pdftexcmds Info: \pdf@ifprimitive is available.
Package pdftexcmds Info: \pdfdraftmode is ignored in DVI mode.
)
(/usr/local/texlive/2025/texmf-dist/tex/generic/etexcmds/etexcmds.sty
Package: etexcmds 2019/12/15 v1.7 Avoid name clashes with e-TeX commands (HO)
)
(/usr/local/texlive/2025/texmf-dist/tex/latex/auxhook/auxhook.sty
Package: auxhook 2019-12-17 v1.6 Hooks for auxiliary files (HO)
)
Package zref Info: New property list: main on input line 767.
Package zref Info: New property: default on input line 768.
Package zref Info: New property: page on input line 769.
)
\c@abspage=\count273
Package zref Info: New property: abspage on input line 67.
)
(/usr/local/texlive/2025/texmf-dist/tex/latex/needspace/needspace.sty
Package: needspace 2010/09/12 v1.3d reserve vertical space
)
(/usr/local/texlive/2025/texmf-dist/tex/latex/graphics/color.sty
Package: color 2024/06/23 v1.3e Standard LaTeX Color (DPC)

(/usr/local/texlive/2025/texmf-dist/tex/latex/graphics-cfg/color.cfg
File: color.cfg 2016/01/02 v1.6 sample color configuration
)
Package color Info: Driver file: dvips.def on input line 149.

(/usr/local/texlive/2025/texmf-dist/tex/latex/graphics-def/dvips.def
File: dvips.def 2022/09/22 v3.1e Graphics/color driver for dvips
)
(/usr/local/texlive/2025/texmf-dist/tex/latex/graphics/dvipsnam.def
File: dvipsnam.def 2016/06/17 v3.0m Driver-dependent file (DPC,SPQR)
)
(/usr/local/texlive/2025/texmf-dist/tex/latex/graphics/mathcolor.ltx))
\mdf@templength=\skip49
\c@mdf@globalstyle@cnt=\count274
\mdf@skipabove@length=\skip50
\mdf@skipbelow@length=\skip51
\mdf@leftmargin@length=\skip52
\mdf@rightmargin@length=\skip53
\mdf@innerleftmargin@length=\skip54
\mdf@innerrightmargin@length=\skip55
\mdf@innertopmargin@length=\skip56
\mdf@innerbottommargin@length=\skip57
\mdf@splittopskip@length=\skip58
\mdf@splitbottomskip@length=\skip59
\mdf@outermargin@length=\skip60
\mdf@innermargin@length=\skip61
\mdf@linewidth@length=\skip62
\mdf@innerlinewidth@length=\skip63
\mdf@middlelinewidth@length=\skip64
\mdf@outerlinewidth@length=\skip65
\mdf@roundcorner@length=\skip66
\mdf@footenotedistance@length=\skip67
\mdf@userdefinedwidth@length=\skip68
\mdf@needspace@length=\skip69
\mdf@frametitleaboveskip@length=\skip70
\mdf@frametitlebelowskip@length=\skip71
\mdf@frametitlerulewidth@length=\skip72
\mdf@frametitleleftmargin@length=\skip73
\mdf@frametitlerightmargin@length=\skip74
\mdf@shadowsize@length=\skip75
\mdf@extratopheight@length=\skip76
\mdf@subtitleabovelinewidth@length=\skip77
\mdf@subtitlebelowlinewidth@length=\skip78
\mdf@subtitleaboveskip@length=\skip79
\mdf@subtitlebelowskip@length=\skip80
\mdf@subtitleinneraboveskip@length=\skip81
\mdf@subtitleinnerbelowskip@length=\skip82
\mdf@subsubtitleabovelinewidth@length=\skip83
\mdf@subsubtitlebelowlinewidth@length=\skip84
\mdf@subsubtitleaboveskip@length=\skip85
\mdf@subsubtitlebelowskip@length=\skip86
\mdf@subsubtitleinneraboveskip@length=\skip87
\mdf@subsubtitleinnerbelowskip@length=\skip88

(/usr/local/texlive/2025/texmf-dist/tex/latex/mdframed/md-frame-0.mdf
File: md-frame-0.mdf 2013/07/01\ 1.9b: md-frame-0
)
\mdf@frametitlebox=\box55
\mdf@footnotebox=\box56
\mdf@splitbox@one=\box57
\mdf@splitbox@two=\box58
\mdf@splitbox@save=\box59
\mdfsplitboxwidth=\skip89
\mdfsplitboxtotalwidth=\skip90
\mdfsplitboxheight=\skip91
\mdfsplitboxdepth=\skip92
\mdfsplitboxtotalheight=\skip93
\mdfframetitleboxwidth=\skip94
\mdfframetitleboxtotalwidth=\skip95
\mdfframetitleboxheight=\skip96
\mdfframetitleboxdepth=\skip97
\mdfframetitleboxtotalheight=\skip98
\mdffootnoteboxwidth=\skip99
\mdffootnoteboxtotalwidth=\skip100
\mdffootnoteboxheight=\skip101
\mdffootnoteboxdepth=\skip102
\mdffootnoteboxtotalheight=\skip103
\mdftotallinewidth=\skip104
\mdfboundingboxwidth=\skip105
\mdfboundingboxtotalwidth=\skip106
\mdfboundingboxheight=\skip107
\mdfboundingboxdepth=\skip108
\mdfboundingboxtotalheight=\skip109
\mdf@freevspace@length=\skip110
\mdf@horizontalwidthofbox@length=\skip111
\mdf@verticalmarginwhole@length=\skip112
\mdf@horizontalspaceofbox=\skip113
\mdfsubtitleheight=\skip114
\mdfsubsubtitleheight=\skip115
\c@mdfcountframes=\count275

****** mdframed patching \endmdf@trivlist

****** -- success******

\mdf@envdepth=\count276
\c@mdf@env@i=\count277
\c@mdf@env@ii=\count278
\c@mdf@zref@counter=\count279
Package zref Info: New property: mdf@pagevalue on input line 895.
)

! LaTeX Error: Command \section undefined.

See the LaTeX manual or LaTeX Companion for explanation.
Type  H <return>  for immediate help.
 ...                                              
                                                  
l.283 \renewcommand{\section}
                             {\@startsection{section}{1}{\z@}
? 

! LaTeX Error: Command \subsection undefined.

See the LaTeX manual or LaTeX Companion for explanation.
Type  H <return>  for immediate help.
 ...                                              
                                                  
l.287 \renewcommand{\subsection}
                                {\@startsection {subsection}{2}{\z@}
? 

! LaTeX Error: Command \subsubsection undefined.

See the LaTeX manual or LaTeX Companion for explanation.
Type  H <return>  for immediate help.
 ...                                              
                                                  
l.291 \renewcommand{\subsubsection}
                                   {\@startsection {subsubsection}{3}{\z@}
? 

! LaTeX Error: Command \paragraph undefined.

See the LaTeX manual or LaTeX Companion for explanation.
Type  H <return>  for immediate help.
 ...                                              
                                                  
l.295 \renewcommand\paragraph
                             {\@startsection{paragraph}{4}{\z@}
? 

! LaTeX Error: \usepackage before \documentclass.

See the LaTeX manual or LaTeX Companion for explanation.
Type  H <return>  for immediate help.
 ...                                              
                                                  
l.305 \usepackage{
                  hyperref}
? 
! Undefined control sequence.
l.306 \hypersetup
                 {hidelinks,backref=true,pagebackref=true,hyperindex=true,co...

? 

! LaTeX Error: Missing \begin{document}.

See the LaTeX manual or LaTeX Companion for explanation.
Type  H <return>  for immediate help.
 ...                                              
                                                  
l.306 \hypersetup{h
                   idelinks,backref=true,pagebackref=true,hyperindex=true,co...

? 
Missing character: There is no h in font nullfont!
Missing character: There is no i in font nullfont!
Missing character: There is no d in font nullfont!
Missing character: There is no e in font nullfont!
Missing character: There is no l in font nullfont!
Missing character: There is no i in font nullfont!
Missing character: There is no n in font nullfont!
Missing character: There is no k in font nullfont!
Missing character: There is no s in font nullfont!
Missing character: There is no , in font nullfont!
Missing character: There is no b in font nullfont!
Missing character: There is no a in font nullfont!
Missing character: There is no c in font nullfont!
Missing character: There is no k in font nullfont!
Missing character: There is no r in font nullfont!
Missing character: There is no e in font nullfont!
Missing character: There is no f in font nullfont!
Missing character: There is no = in font nullfont!
Missing character: There is no t in font nullfont!
Missing character: There is no r in font nullfont!
Missing character: There is no u in font nullfont!
Missing character: There is no e in font nullfont!
Missing character: There is no , in font nullfont!
Missing character: There is no p in font nullfont!
Missing character: There is no a in font nullfont!
Missing character: There is no g in font nullfont!
Missing character: There is no e in font nullfont!
Missing character: There is no b in font nullfont!
Missing character: There is no a in font nullfont!
Missing character: There is no c in font nullfont!
Missing character: There is no k in font nullfont!
Missing character: There is no r in font nullfont!
Missing character: There is no e in font nullfont!
Missing character: There is no f in font nullfont!
Missing character: There is no = in font nullfont!
Missing character: There is no t in font nullfont!
Missing character: There is no r in font nullfont!
Missing character: There is no u in font nullfont!
Missing character: There is no e in font nullfont!
Missing character: There is no , in font nullfont!
Missing character: There is no h in font nullfont!
Missing character: There is no y in font nullfont!
Missing character: There is no p in font nullfont!
Missing character: There is no e in font nullfont!
Missing character: There is no r in font nullfont!
Missing character: There is no i in font nullfont!
Missing character: There is no n in font nullfont!
Missing character: There is no d in font nullfont!
Missing character: There is no e in font nullfont!
Missing character: There is no x in font nullfont!
Missing character: There is no = in font nullfont!
Missing character: There is no t in font nullfont!
Missing character: There is no r in font nullfont!
Missing character: There is no u in font nullfont!
Missing character: There is no e in font nullfont!
Missing character: There is no , in font nullfont!
Missing character: There is no c in font nullfont!
Missing character: There is no o in font nullfont!
Missing character: There is no l in font nullfont!
Missing character: There is no o in font nullfont!
Missing character: There is no r in font nullfont!
Missing character: There is no l in font nullfont!
Missing character: There is no i in font nullfont!
Missing character: There is no n in font nullfont!
Missing character: There is no k in font nullfont!
Missing character: There is no s in font nullfont!
Missing character: There is no = in font nullfont!
Missing character: There is no f in font nullfont!
Missing character: There is no a in font nullfont!
Missing character: There is no l in font nullfont!
Missing character: There is no s in font nullfont!
Missing character: There is no e in font nullfont!
Missing character: There is no , in font nullfont!
Missing character: There is no b in font nullfont!
Missing character: There is no r in font nullfont!
Missing character: There is no e in font nullfont!
Missing character: There is no a in font nullfont!
Missing character: There is no k in font nullfont!
Missing character: There is no l in font nullfont!
Missing character: There is no i in font nullfont!
Missing character: There is no n in font nullfont!
Missing character: There is no k in font nullfont!
Missing character: There is no s in font nullfont!
Missing character: There is no = in font nullfont!
Missing character: There is no t in font nullfont!
Missing character: There is no r in font nullfont!
Missing character: There is no u in font nullfont!
Missing character: There is no e in font nullfont!
Missing character: There is no , in font nullfont!
Missing character: There is no u in font nullfont!
Missing character: There is no r in font nullfont!
Missing character: There is no l in font nullfont!
Missing character: There is no c in font nullfont!
Missing character: There is no o in font nullfont!
Missing character: There is no l in font nullfont!
Missing character: There is no o in font nullfont!
Missing character: There is no r in font nullfont!
Missing character: There is no = in font nullfont!
Missing character: There is no o in font nullfont!
Missing character: There is no c in font nullfont!
Missing character: There is no r in font nullfont!
Missing character: There is no e in font nullfont!
Missing character: There is no , in font nullfont!
Missing character: There is no b in font nullfont!
Missing character: There is no o in font nullfont!
Missing character: There is no o in font nullfont!
Missing character: There is no k in font nullfont!
Missing character: There is no m in font nullfont!
Missing character: There is no a in font nullfont!
Missing character: There is no r in font nullfont!
Missing character: There is no k in font nullfont!
Missing character: There is no s in font nullfont!
Missing character: There is no = in font nullfont!
Missing character: There is no t in font nullfont!
Missing character: There is no r in font nullfont!
Missing character: There is no u in font nullfont!
Missing character: There is no e in font nullfont!
Missing character: There is no , in font nullfont!
Missing character: There is no b in font nullfont!
Missing character: There is no o in font nullfont!
Missing character: There is no o in font nullfont!
Missing character: There is no k in font nullfont!
Missing character: There is no m in font nullfont!
Missing character: There is no a in font nullfont!
Missing character: There is no r in font nullfont!
Missing character: There is no k in font nullfont!
Missing character: There is no s in font nullfont!
Missing character: There is no o in font nullfont!
Missing character: There is no p in font nullfont!
Missing character: There is no e in font nullfont!
Missing character: There is no n in font nullfont!
Missing character: There is no = in font nullfont!
Missing character: There is no f in font nullfont!
Missing character: There is no a in font nullfont!
Missing character: There is no l in font nullfont!
Missing character: There is no s in font nullfont!
Missing character: There is no e in font nullfont!
Missing character: There is no , in font nullfont!
Missing character: There is no p in font nullfont!
Missing character: There is no d in font nullfont!
Missing character: There is no f in font nullfont!
Missing character: There is no t in font nullfont!
Missing character: There is no i in font nullfont!
Missing character: There is no t in font nullfont!
Missing character: There is no l in font nullfont!
Missing character: There is no e in font nullfont!
Missing character: There is no = in font nullfont!
Missing character: There is no T in font nullfont!
Missing character: There is no i in font nullfont!
Missing character: There is no t in font nullfont!
Missing character: There is no l in font nullfont!
Missing character: There is no e in font nullfont!
Missing character: There is no , in font nullfont!
Missing character: There is no p in font nullfont!
Missing character: There is no d in font nullfont!
Missing character: There is no f in font nullfont!
Missing character: There is no a in font nullfont!
Missing character: There is no u in font nullfont!
Missing character: There is no t in font nullfont!
Missing character: There is no h in font nullfont!
Missing character: There is no o in font nullfont!
Missing character: There is no r in font nullfont!
Missing character: There is no = in font nullfont!
Missing character: There is no A in font nullfont!
Missing character: There is no u in font nullfont!
Missing character: There is no t in font nullfont!
Missing character: There is no h in font nullfont!
Missing character: There is no o in font nullfont!
Missing character: There is no r in font nullfont!

Overfull \hbox (20.0pt too wide) in paragraph at lines 306--307
[]
 []

)
*
(Please type a command or say `\end')
*
(Please type a command or say `\end')
*
(Please type a command or say `\end')
*
(Please type a command or say `\end')
*
(Please type a command or say `\end')
*
(Please type a command or say `\end')
*
(Please type a command or say `\end')
*
(Please type a command or say `\end')
*
(Please type a command or say `\end')
*
(Please type a command or say `\end')
*
(Please type a command or say `\end')
*
(Please type a command or say `\end')
*
(Please type a command or say `\end')
*\end

*
Runaway argument?
! Paragraph ended before \end  was complete.
<to be read again> 
                   \par 
<*> 
    
? \end
Type <return> to proceed, S to scroll future error messages,
R to run without stopping, Q to run quietly,
I to insert something, 
1 or ... or 9 to ignore the next 1 to 9 tokens of input,
H for help, X to quit.
? 
(Please type a command or say `\end')
*R

! LaTeX Error: Missing \begin{document}.

See the LaTeX manual or LaTeX Companion for explanation.
Type  H <return>  for immediate help.
 ...                                              
                                                  
<*> R
     
? R
OK, entering \nonstopmode...
Missing character: There is no R in font nullfont!
! Emergency stop.
<*> R
     
*** (job aborted, no legal \end found)

 
Here is how much of TeX's memory you used:
 2383 strings out of 473191
 44808 string characters out of 5715826
 444364 words of memory out of 5000000
 25644 multiletter control sequences out of 15000+600000
 559436 words of font info for 38 fonts, out of 8000000 for 9000
 1141 hyphenation exceptions out of 8191
 84i,1n,93p,451b,101s stack positions out of 10000i,1000n,20000p,200000b,200000s
No pages of output.
